{"level":"info","log_string":"Request for loging user","timestamp":"2024-05-15T09:24:19.409Z","metadata":{"source":"api1.log","request_data":{"method":"POST","url":"/api1/login"}}}
{"level":"success","log_string":"User login successfully","timestamp":"2024-05-15T09:24:20.004Z","metadata":{"source":"api1.log","request_data":{"method":"POST","url":"/api1/login"}}}
{"level":"info","log_string":"Request for loging user","timestamp":"2024-05-15T09:26:45.706Z","metadata":{"source":"api1.log","request_data":{"method":"POST","url":"/api1/login"}}}
{"level":"success","log_string":"User login successfully","timestamp":"2024-05-15T09:26:47.088Z","metadata":{"source":"api1.log","request_data":{"method":"POST","url":"/api1/login"}}}
{"level":"info","log_string":"Request for loging user","timestamp":"2024-05-15T09:27:44.516Z","metadata":{"source":"api1.log","request_data":{"method":"POST","url":"/api1/login"}}}
{"level":"success","log_string":"User login successfully","timestamp":"2024-05-15T09:27:45.598Z","metadata":{"source":"api1.log","request_data":{"method":"POST","url":"/api1/login"}}}
{"level":"info","log_string":"Request for loging user","timestamp":"2024-05-15T09:28:51.956Z","metadata":{"source":"api1.log","request_data":{"method":"POST","url":"/api1/login"}}}
{"level":"error","log_string":"Error in login user","timestamp":"2024-05-15T09:28:52.603Z","metadata":{"source":"api1.log","request_data":{"method":"POST","url":"/api1/login"}},"error":{"message":"Unexpected token '<', \"<!DOCTYPE \"... is not valid JSON","stack":"SyntaxError: Unexpected token '<', \"<!DOCTYPE \"... is not valid JSON\n    at JSON.parse (<anonymous>)\n    at parseJSONFromBytes (node:internal/deps/undici/undici:4747:19)\n    at successSteps (node:internal/deps/undici/undici:4718:27)\n    at fullyReadBody (node:internal/deps/undici/undici:1433:9)\n    at process.processTicksAndRejections (node:internal/process/task_queues:95:5)\n    at async specConsumeBody (node:internal/deps/undici/undici:4727:7)\n    at async loginUser (E:\\Projects\\Assignment Projects\\Chat360\\backend\\src\\controllers\\auth.controller.js:26:22)"}}
{"level":"info","log_string":"Request for loging user","timestamp":"2024-05-15T09:29:11.711Z","metadata":{"source":"api1.log","request_data":{"method":"POST","url":"/api1/login"}}}
{"level":"error","log_string":"Error in login user","timestamp":"2024-05-15T09:29:12.217Z","metadata":{"source":"api1.log","request_data":{"method":"POST","url":"/api1/login"}},"error":{"message":"Unexpected token '<', \"<!DOCTYPE \"... is not valid JSON","stack":"SyntaxError: Unexpected token '<', \"<!DOCTYPE \"... is not valid JSON\n    at JSON.parse (<anonymous>)\n    at parseJSONFromBytes (node:internal/deps/undici/undici:4747:19)\n    at successSteps (node:internal/deps/undici/undici:4718:27)\n    at fullyReadBody (node:internal/deps/undici/undici:1433:9)\n    at process.processTicksAndRejections (node:internal/process/task_queues:95:5)\n    at async specConsumeBody (node:internal/deps/undici/undici:4727:7)\n    at async loginUser (E:\\Projects\\Assignment Projects\\Chat360\\backend\\src\\controllers\\auth.controller.js:26:22)"}}
{"level":"info","log_string":"Request to log in user","timestamp":"2024-05-15T09:35:27.381Z","metadata":{"source":"api1.log","request_data":{"method":"POST","url":"/api1/login"}}}
{"level":"error","log_string":"Failed to log in user. Status: 404","timestamp":"2024-05-15T09:35:30.090Z","metadata":{"source":"api1.log","request_data":{"method":"POST","url":"/api1/login"}}}
{"level":"info","log_string":"Request to log in user","timestamp":"2024-05-15T09:59:40.029Z","metadata":{"source":"api1.log","request_data":{"method":"POST","url":"/api1/login"}}}
{"level":"info","log_string":"Request to log in user","timestamp":"2024-05-15T10:01:12.557Z","metadata":{"source":"api1.log","request_data":{"method":"POST","url":"/api1/login"}}}
{"level":"error","log_string":"Failed to log in user.","timestamp":"2024-05-15T10:01:13.488Z","metadata":{"source":"api1.log","request_data":{"method":"POST","url":"/api1/login"}}}
{"level":"info","log_string":"Request to log in user","timestamp":"2024-05-16T07:30:03.544Z","metadata":{"source":"api1.log","request_data":{"method":"POST","url":"/api1/login?type="}}}
{"level":"error","log_string":"Failed to log in user.","timestamp":"2024-05-16T07:30:06.107Z","metadata":{"source":"api1.log","request_data":{"method":"POST","url":"/api1/login?type="}}}
{"level":"info","log_string":"Request to log in user","timestamp":"2024-05-16T07:30:17.569Z","metadata":{"source":"api1.log","request_data":{"method":"POST","url":"/api1/login?type=unsuccessful"}}}
{"level":"error","log_string":"Failed to log in user.","timestamp":"2024-05-16T07:30:17.938Z","metadata":{"source":"api1.log","request_data":{"method":"POST","url":"/api1/login?type=unsuccessful"}}}
{"level":"info","log_string":"Request to log in user","timestamp":"2024-05-16T07:33:42.381Z","metadata":{"source":"api1.log","request_data":{"method":"POST","url":"/api1/login?type=unsuccessful"}}}
{"level":"error","log_string":"Failed to log in user.","timestamp":"2024-05-16T07:33:42.760Z","metadata":{"source":"api1.log","request_data":{"method":"POST","url":"/api1/login?type=unsuccessful"}}}
{"level":"info","log_string":"Request to log in user","timestamp":"2024-05-16T07:39:14.432Z","metadata":{"source":"api1.log","request_data":{"method":"POST","url":"/api1/login?type=unsuccessful"}}}
{"level":"error","log_string":"Failed to log in user.","timestamp":"2024-05-16T07:39:14.762Z","metadata":{"source":"api1.log","request_data":{"method":"POST","url":"/api1/login?type=unsuccessful"}}}
